app/build/outputs/logs/manifest-merger-debug-report.txt
-- Merging decision tree log ---
manifest
ADDED from src\main\AndroidManifest.xml:3:1-114:12
INJECTED from src\main\AndroidManifest.xml:3:1-114:12
INJECTED from src\main\AndroidManifest.xml:3:1-114:12
INJECTED from src\main\AndroidManifest.xml:3:1-114:12
MERGED from [com.android.support:support-v4:26.0.2] AndroidManifest.xml:17:1-31:12
MERGED from [com.android.support:support-media-compat:26.0.2] AndroidManifest.xml:17:1-31:12
MERGED from [com.android.support:support-fragment:26.0.2] AndroidManifest.xml:17:1-31:12
MERGED from [com.android.support:support-core-utils:26.0.2] AndroidManifest.xml:17:1-31:12
MERGED from [com.android.support:support-core-ui:26.0.2] AndroidManifest.xml:17:1-31:12
MERGED from [com.android.support:support-compat:26.0.2] AndroidManifest.xml:17:1-31:12
INJECTED from src\main\AndroidManifest.xml:3:1-114:12
INJECTED from src\main\AndroidManifest.xml:3:1-114:12
INJECTED from src\main\AndroidManifest.xml:3:1-114:12
	package
		ADDED from src\main\AndroidManifest.xml:4:11-33
		INJECTED from src\main\AndroidManifest.xml
		INJECTED from src\main\AndroidManifest.xml
	android:versionName
		INJECTED from src\main\AndroidManifest.xml
		ADDED from src\main\AndroidManifest.xml:3:1-114:12
		INJECTED from src\main\AndroidManifest.xml
	android:versionCode
		INJECTED from src\main\AndroidManifest.xml
		ADDED from src\main\AndroidManifest.xml:3:1-114:12
		INJECTED from src\main\AndroidManifest.xml
	xmlns:android
		ADDED from src\main\AndroidManifest.xml:3:11-69
uses-sdk
ADDED from src\main\AndroidManifest.xml:7:5-44
INJECTED from src\main\AndroidManifest.xml:7:5-44
INJECTED from src\main\AndroidManifest.xml:7:5-44
MERGED from [com.android.support:support-v4:26.0.2] AndroidManifest.xml:21:5-23:54
MERGED from [com.android.support:support-v4:26.0.2] AndroidManifest.xml:21:5-23:54
MERGED from [com.android.support:support-media-compat:26.0.2] AndroidManifest.xml:21:5-23:63
MERGED from [com.android.support:support-media-compat:26.0.2] AndroidManifest.xml:21:5-23:63
MERGED from [com.android.support:support-fragment:26.0.2] AndroidManifest.xml:21:5-23:60
MERGED from [com.android.support:support-fragment:26.0.2] AndroidManifest.xml:21:5-23:60
MERGED from [com.android.support:support-core-utils:26.0.2] AndroidManifest.xml:21:5-23:61
MERGED from [com.android.support:support-core-utils:26.0.2] AndroidManifest.xml:21:5-23:61
MERGED from [com.android.support:support-core-ui:26.0.2] AndroidManifest.xml:21:5-23:58
MERGED from [com.android.support:support-core-ui:26.0.2] AndroidManifest.xml:21:5-23:58
MERGED from [com.android.support:support-compat:26.0.2] AndroidManifest.xml:21:5-23:58
MERGED from [com.android.support:support-compat:26.0.2] AndroidManifest.xml:21:5-23:58
INJECTED from src\main\AndroidManifest.xml:7:5-44
INJECTED from src\main\AndroidManifest.xml:7:5-44
	tools:overrideLibrary
		ADDED from [com.android.support:support-v4:26.0.2] AndroidManifest.xml:23:9-51
	android:targetSdkVersion
		INJECTED from src\main\AndroidManifest.xml
		ADDED from src\main\AndroidManifest.xml:7:5-44
		INJECTED from src\main\AndroidManifest.xml
	android:minSdkVersion
		ADDED from src\main\AndroidManifest.xml:7:15-41
		INJECTED from src\main\AndroidManifest.xml
		INJECTED from src\main\AndroidManifest.xml
uses-permission#android.permission.INTERNET
ADDED from src\main\AndroidManifest.xml:10:5-67
	android:name
		ADDED from src\main\AndroidManifest.xml:10:22-64
uses-permission#android.permission.ACCESS_NETWORK_STATE
ADDED from src\main\AndroidManifest.xml:11:5-79
	android:name
		ADDED from src\main\AndroidManifest.xml:11:22-76
uses-permission#android.permission.ACCESS_COARSE_LOCATION
ADDED from src\main\AndroidManifest.xml:12:5-81
	android:name
		ADDED from src\main\AndroidManifest.xml:12:22-78
uses-permission#android.permission.ACCESS_FINE_LOCATION
ADDED from src\main\AndroidManifest.xml:13:5-79
	android:name
		ADDED from src\main\AndroidManifest.xml:13:22-76
uses-permission#android.permission.READ_EXTERNAL_STORAGE
ADDED from src\main\AndroidManifest.xml:14:5-80
	android:name
		ADDED from src\main\AndroidManifest.xml:14:22-77
uses-permission#android.permission.WRITE_EXTERNAL_STORAGE
ADDED from src\main\AndroidManifest.xml:15:5-81
	android:name
		ADDED from src\main\AndroidManifest.xml:15:22-78
application
ADDED from src\main\AndroidManifest.xml:18:5-112:19
MERGED from [com.android.support:support-v4:26.0.2] AndroidManifest.xml:25:5-29:19
MERGED from [com.android.support:support-v4:26.0.2] AndroidManifest.xml:25:5-29:19
MERGED from [com.android.support:support-media-compat:26.0.2] AndroidManifest.xml:25:5-29:19
MERGED from [com.android.support:support-media-compat:26.0.2] AndroidManifest.xml:25:5-29:19
MERGED from [com.android.support:support-fragment:26.0.2] AndroidManifest.xml:25:5-29:19
MERGED from [com.android.support:support-fragment:26.0.2] AndroidManifest.xml:25:5-29:19
MERGED from [com.android.support:support-core-utils:26.0.2] AndroidManifest.xml:25:5-29:19
MERGED from [com.android.support:support-core-utils:26.0.2] AndroidManifest.xml:25:5-29:19
MERGED from [com.android.support:support-core-ui:26.0.2] AndroidManifest.xml:25:5-29:19
MERGED from [com.android.support:support-core-ui:26.0.2] AndroidManifest.xml:25:5-29:19
MERGED from [com.android.support:support-compat:26.0.2] AndroidManifest.xml:25:5-29:19
MERGED from [com.android.support:support-compat:26.0.2] AndroidManifest.xml:25:5-29:19
	android:enabled
		ADDED from src\main\AndroidManifest.xml:21:18-40
	android:label
		ADDED from src\main\AndroidManifest.xml:18:18-50
	android:largeHeap
		ADDED from src\main\AndroidManifest.xml:22:18-42
	android:icon
		ADDED from src\main\AndroidManifest.xml:19:18-52
	android:allowBackup
		ADDED from src\main\AndroidManifest.xml:20:18-44
activity#io.zero.mall.Activity.HolderActivity
ADDED from src\main\AndroidManifest.xml:25:9-36:20
	android:label
		ADDED from src\main\AndroidManifest.xml:26:19-51
	android:launchMode
		ADDED from src\main\AndroidManifest.xml:27:19-50
	android:theme
		ADDED from src\main\AndroidManifest.xml:28:19-65
	android:name
		ADDED from src\main\AndroidManifest.xml:25:19-58
intent-filter#action:name:android.intent.action.VIEW+category:name:android.intent.category.BROWSABLE+category:name:android.intent.category.DEFAULT+data:scheme:@string/app_scheme_http+data:scheme:@string/app_scheme_https
ADDED from src\main\AndroidManifest.xml:29:13-35:29
action#android.intent.action.VIEW
ADDED from src\main\AndroidManifest.xml:30:17-69
	android:name
		ADDED from src\main\AndroidManifest.xml:30:25-66
category#android.intent.category.DEFAULT
ADDED from src\main\AndroidManifest.xml:31:17-76
	android:name
		ADDED from src\main\AndroidManifest.xml:31:27-73
category#android.intent.category.BROWSABLE
ADDED from src\main\AndroidManifest.xml:32:17-78
	android:name
		ADDED from src\main\AndroidManifest.xml:32:27-75
data
ADDED from src\main\AndroidManifest.xml:33:17-66
	android:scheme
		ADDED from src\main\AndroidManifest.xml:33:23-63
service#io.zero.mall.Service.HolderService
ADDED from src\main\AndroidManifest.xml:39:9-42:19
	android:label
		ADDED from src\main\AndroidManifest.xml:40:18-50
	android:icon
		ADDED from src\main\AndroidManifest.xml:41:18-52
	android:name
		ADDED from src\main\AndroidManifest.xml:39:18-55
activity#io.zero.mall.Activity.SplashActivity
ADDED from src\main\AndroidManifest.xml:45:9-57:20
	android:label
		ADDED from src\main\AndroidManifest.xml:46:13-45
	android:launchMode
		ADDED from src\main\AndroidManifest.xml:47:13-48
	android:windowSoftInputMode
		ADDED from src\main\AndroidManifest.xml:50:13-55
	android:configChanges
		ADDED from src\main\AndroidManifest.xml:48:13-74
	android:theme
		ADDED from src\main\AndroidManifest.xml:49:13-56
	android:name
		ADDED from src\main\AndroidManifest.xml:45:19-58
intent-filter#action:name:android.intent.action.MAIN+category:name:android.intent.category.DEFAULT+category:name:android.intent.category.LAUNCHER
ADDED from src\main\AndroidManifest.xml:51:13-56:29
action#android.intent.action.MAIN
ADDED from src\main\AndroidManifest.xml:52:17-68
	android:name
		ADDED from src\main\AndroidManifest.xml:52:25-66
category#android.intent.category.LAUNCHER
ADDED from src\main\AndroidManifest.xml:55:17-76
	android:name
		ADDED from src\main\AndroidManifest.xml:55:27-74
activity#io.zero.mall.Activity.BrowserActivity
ADDED from src\main\AndroidManifest.xml:59:9-74:20
	android:label
		ADDED from src\main\AndroidManifest.xml:60:19-51
	android:launchMode
		ADDED from src\main\AndroidManifest.xml:61:19-54
	android:windowSoftInputMode
		ADDED from src\main\AndroidManifest.xml:64:19-61
	android:configChanges
		ADDED from src\main\AndroidManifest.xml:62:19-80
	android:theme
		ADDED from src\main\AndroidManifest.xml:63:19-62
	android:name
		ADDED from src\main\AndroidManifest.xml:59:19-59
activity#io.zero.mall.Activity.ReadabilityActivity
ADDED from src\main\AndroidManifest.xml:77:9-80:20
	android:label
		ADDED from src\main\AndroidManifest.xml:78:19-60
	android:theme
		ADDED from src\main\AndroidManifest.xml:79:19-66
	android:name
		ADDED from src\main\AndroidManifest.xml:77:19-63
activity#io.zero.mall.Activity.SettingActivity
ADDED from src\main\AndroidManifest.xml:83:9-86:20
	android:label
		ADDED from src\main\AndroidManifest.xml:84:19-56
	android:theme
		ADDED from src\main\AndroidManifest.xml:85:19-62
	android:name
		ADDED from src\main\AndroidManifest.xml:83:19-59
activity#io.zero.mall.Activity.WhitelistActivity
ADDED from src\main\AndroidManifest.xml:89:9-92:20
	android:label
		ADDED from src\main\AndroidManifest.xml:90:19-58
	android:theme
		ADDED from src\main\AndroidManifest.xml:91:19-64
	android:name
		ADDED from src\main\AndroidManifest.xml:89:19-61
activity#io.zero.mall.Activity.TokenActivity
ADDED from src\main\AndroidManifest.xml:95:9-98:20
	android:label
		ADDED from src\main\AndroidManifest.xml:96:19-54
	android:theme
		ADDED from src\main\AndroidManifest.xml:97:19-60
	android:name
		ADDED from src\main\AndroidManifest.xml:95:19-57
activity#io.zero.mall.Activity.ClearActivity
ADDED from src\main\AndroidManifest.xml:101:9-104:20
	android:label
		ADDED from src\main\AndroidManifest.xml:102:19-54
	android:theme
		ADDED from src\main\AndroidManifest.xml:103:19-60
	android:name
		ADDED from src\main\AndroidManifest.xml:101:19-57
service#io.zero.mall.Service.ClearService
ADDED from src\main\AndroidManifest.xml:107:9-110:19
	android:label
		ADDED from src\main\AndroidManifest.xml:108:18-50
	android:icon
		ADDED from src\main\AndroidManifest.xml:109:18-52
	android:name
		ADDED from src\main\AndroidManifest.xml:107:18-54
meta-data#android.support.VERSION
ADDED from [com.android.support:support-v4:26.0.2] AndroidManifest.xml:26:9-28:38
MERGED from [com.android.support:support-media-compat:26.0.2] AndroidManifest.xml:26:9-28:38
MERGED from [com.android.support:support-media-compat:26.0.2] AndroidManifest.xml:26:9-28:38
MERGED from [com.android.support:support-fragment:26.0.2] AndroidManifest.xml:26:9-28:38
MERGED from [com.android.support:support-fragment:26.0.2] AndroidManifest.xml:26:9-28:38
MERGED from [com.android.support:support-core-utils:26.0.2] AndroidManifest.xml:26:9-28:38
MERGED from [com.android.support:support-core-utils:26.0.2] AndroidManifest.xml:26:9-28:38
MERGED from [com.android.support:support-core-ui:26.0.2] AndroidManifest.xml:26:9-28:38
MERGED from [com.android.support:support-core-ui:26.0.2] AndroidManifest.xml:26:9-28:38
MERGED from [com.android.support:support-compat:26.0.2] AndroidManifest.xml:26:9-28:38
MERGED from [com.android.support:support-compat:26.0.2] AndroidManifest.xml:26:9-28:38
	android:value
		ADDED from [com.android.support:support-v4:26.0.2] AndroidManifest.xml:28:13-35
	android:name
		ADDED from [com.android.support:support-v4:26.0.2] AndroidManifest.xml:27:13-51